<?xml version="1.0" encoding="UTF-8"?>
<testsuite xmlns:xsi="http://www.w3.org/2001/XMLSchema-instance" xsi:noNamespaceSchemaLocation="https://maven.apache.org/surefire/maven-surefire-plugin/xsd/surefire-test-report-3.0.xsd" version="3.0" name="Sample Cucumber Feature" time="7.661" tests="1" errors="0" skipped="0" failures="0">
  <properties>
[...]
</properties>
  <testcase name="Demo QA elements" classname="Sample Cucumber Feature" time="7.64">
    <system-out><![CDATA[
Scenario: Demo QA elements                                             # src/main/resources/features/DemoQA.feature:3
  Given I am on the Demo QA page "https://demoqa.com/"                 # org.example.stepdefs.DemoQAStepDefs.i_am_on_the_demo_qa_page(java.lang.String)
  When I click on Elements tab                                         # org.example.stepdefs.DemoQAStepDefs.i_click_on_elements_tab()
  Then I am navigated to page "https://demoqa.com/elements"            # org.example.stepdefs.DemoQAStepDefs.i_am_navigated_to_page(java.lang.String)
  When I click on Text Box link                                        # org.example.stepdefs.DemoQAStepDefs.i_click_on_text_box_link()
  Then I can see Text Box fields                                       # org.example.stepdefs.DemoQAStepDefs.i_can_see_text_box_fields()
  When I enter "John Doe" in the Full Name field                       # org.example.stepdefs.DemoQAStepDefs.i_enter_in_the_full_name_field(java.lang.String)
  And I enter "john.doe@example.com" in the Email field                # org.example.stepdefs.DemoQAStepDefs.i_enter_in_the_email_field(java.lang.String)
  And I enter "123 Main Street, City" in the Current Address field     # org.example.stepdefs.DemoQAStepDefs.i_enter_in_the_current_address_field(java.lang.String)
  And I enter "456 Second Avenue, Town" in the Permanent Address field # org.example.stepdefs.DemoQAStepDefs.i_enter_in_the_permanent_address_field(java.lang.String)
  And I click the Submit button                                        # org.example.stepdefs.DemoQAStepDefs.i_click_the_submit_button()
  Then I can see my information in the output section                  # org.example.stepdefs.DemoQAStepDefs.i_can_see_my_information_in_the_output_section()
  And The output name contains "John Doe"                              # org.example.stepdefs.DemoQAStepDefs.the_output_name_contains(java.lang.String)
]]></system-out>
    <system-err><![CDATA[SLF4J: No SLF4J providers were found.
SLF4J: Defaulting to no-operation (NOP) logger implementation
SLF4J: See https://www.slf4j.org/codes.html#noProviders for further details.
Aug 12, 2025 3:25:20 PM org.openqa.selenium.devtools.CdpVersionFinder findNearestMatch
WARNING: Unable to find CDP implementation matching 139
Aug 12, 2025 3:25:20 PM org.openqa.selenium.chromium.ChromiumDriver lambda$new$5
WARNING: Unable to find version of CDP to use for 139.0.7258.66. You may need to include a dependency on a specific version of the CDP using something similar to `org.seleniumhq.selenium:selenium-devtools-v86:4.15.0` where the version ("v86") matches the version of the chromium-based browser you're using and the version number of the artifact is the same as Selenium's.
]]></system-err>
  </testcase>
</testsuite>